FILE_TYPE=LIBRARY_PARTS;
PRIMITIVE 'NCP18XH103F03RB','NCP18XH103F03RB_Thermistors Chip';
  PIN
    '1':
      PIN_NUMBER='(1)';
      NO_LOAD_CHECK=BOTH;
      NO_IO_CHECK=BOTH;
      ALLOW_CONNECT=TRUE;
      PINUSE='UNSPEC';
    '2':
      PIN_NUMBER='(2)';
      NO_LOAD_CHECK=BOTH;
      NO_IO_CHECK=BOTH;
      ALLOW_CONNECT=TRUE;
      PINUSE='UNSPEC';
  END_PIN;
  BODY
    PART_NAME='NCP18XH103F03RB';
    PHYS_DES_PREFIX='RT';
    NO_LOAD_CHECK='TRUE';
    PIN_COUNT='2';
    BODY_NAME='NCP18XH103F03RB';
    JEDEC_TYPE='THRMC1608X95N';
  END_BODY;
END_PRIMITIVE;
END.
